Using pre-set license
Built from '2020.2/release' branch; Version is '2020.2.1f1 (270dd8c3da1c) revision 2559448'; Using compiler version '192528614'; Build Type 'Release'
OS: 'Windows 10  (10.0.0) 64bit' Language: 'es' Physical Memory: 16308 MB
BatchMode: 1, IsHumanControllingUs: 0, StartBugReporterOnCrash: 0, Is64bit: 1, IsPro: 0

 COMMAND LINE ARGUMENTS:
C:\Program Files\Unity\Hub\Editor\2020.2.1f1\Editor\Unity.exe
-adb2
-batchMode
-noUpm
-name
AssetImportWorker0
-projectPath
E:/Developer/Unity/CursoUnity/Jhonlenmon02
-logFile
Logs/AssetImportWorker0.log
-srvPort
62557
Successfully changed project path to: E:/Developer/Unity/CursoUnity/Jhonlenmon02
E:/Developer/Unity/CursoUnity/Jhonlenmon02
Using Asset Import Pipeline V2.
Refreshing native plugins compatible for Editor in 47.48 ms, found 0 plugins.
Preloading 0 native plugins for Editor in 0.00 ms.
Initialize engine version: 2020.2.1f1 (270dd8c3da1c)
[Subsystems] Discovering subsystems at path C:/Program Files/Unity/Hub/Editor/2020.2.1f1/Editor/Data/Resources/UnitySubsystems
[Subsystems] Discovering subsystems at path E:/Developer/Unity/CursoUnity/Jhonlenmon02/Assets
GfxDevice: creating device client; threaded=0
Direct3D:
    Version:  Direct3D 11.0 [level 11.1]
    Renderer: NVIDIA TITAN Xp COLLECTORS EDITION (ID=0x1b02)
    Vendor:   
    VRAM:     12145 MB
    Driver:   27.21.14.6109
Initialize mono
Mono path[0] = 'C:/Program Files/Unity/Hub/Editor/2020.2.1f1/Editor/Data/Managed'
Mono path[1] = 'C:/Program Files/Unity/Hub/Editor/2020.2.1f1/Editor/Data/MonoBleedingEdge/lib/mono/unityjit'
Mono config path = 'C:/Program Files/Unity/Hub/Editor/2020.2.1f1/Editor/Data/MonoBleedingEdge/etc'
Using monoOptions --debugger-agent=transport=dt_socket,embedding=1,server=y,suspend=n,address=127.0.0.1:56180
Begin MonoManager ReloadAssembly
Registering precompiled unity dll's ...
Register platform support module: C:/Program Files/Unity/Hub/Editor/2020.2.1f1/Editor/Data/PlaybackEngines/WindowsStandaloneSupport/UnityEditor.WindowsStandalone.Extensions.dll
Registered in 0.001916 seconds.
Native extension for WindowsStandalone target not found
Refreshing native plugins compatible for Editor in 34.29 ms, found 0 plugins.
Preloading 0 native plugins for Editor in 0.00 ms.
Invoked RoslynAnalysisRunner static constructor.
RoslynAnalysisRunner will not be running.
RoslynAnalysisRunner has terminated.
Mono: successfully reloaded assembly
- Completed reload, in  0.962 seconds
Platform modules already initialized, skipping
Registering precompiled user dll's ...
Registered in 0.002001 seconds.
Begin MonoManager ReloadAssembly
Native extension for WindowsStandalone target not found
Refreshing native plugins compatible for Editor in 0.38 ms, found 0 plugins.
Preloading 0 native plugins for Editor in 0.00 ms.
Invoked RoslynAnalysisRunner static constructor.
RoslynAnalysisRunner will not be running.
RoslynAnalysisRunner has terminated.
Mono: successfully reloaded assembly
- Completed reload, in  0.915 seconds
Platform modules already initialized, skipping
========================================================================
Worker process is ready to serve import requests
Launched and connected shader compiler UnityShaderCompiler.exe after 0.02 seconds
Refreshing native plugins compatible for Editor in 0.41 ms, found 0 plugins.
Preloading 0 native plugins for Editor in 0.00 ms.
Unloading 1610 Unused Serialized files (Serialized files now loaded: 0)
System memory in use before: 150.3 MB.
System memory in use after: 150.3 MB.

Unloading 36 unused Assets to reduce memory usage. Loaded Objects now: 2043.
Total: 1.911700 ms (FindLiveObjects: 0.157800 ms CreateObjectMapping: 0.070800 ms MarkObjects: 1.587800 ms  DeleteObjects: 0.094400 ms)

========================================================================
Received Import Request.
  path: Assets/_Scripts/Observer.cs
  artifactKey: Guid(8b621beeb64195c48959dbd36c8fcee6) Importer(815301076,1909f56bfc062723c751e8b465ee728b)
Start importing Assets/_Scripts/Observer.cs using Guid(8b621beeb64195c48959dbd36c8fcee6) Importer(815301076,1909f56bfc062723c751e8b465ee728b)  -> (artifact id: 'a1778f0e242ae7e3352629adbd95d9cd') in 0.047360 seconds
  Import took 0.049640 seconds .

========================================================================
Received Import Request.
  Time since last request: 12.237506 seconds.
  path: Assets/_Scripts/LightFlicker.cs
  artifactKey: Guid(24a255a6b0082bd429262fb040110f12) Importer(815301076,1909f56bfc062723c751e8b465ee728b)
Start importing Assets/_Scripts/LightFlicker.cs using Guid(24a255a6b0082bd429262fb040110f12) Importer(815301076,1909f56bfc062723c751e8b465ee728b)  -> (artifact id: '64ba6603a7271854baee65c6d7ca2b7a') in 0.005099 seconds
  Import took 0.007562 seconds .

========================================================================
Received Import Request.
  Time since last request: 8.538222 seconds.
  path: Assets/_Scripts/GameEnding.cs
  artifactKey: Guid(a49bb08211b03e444a452cd6108660e1) Importer(815301076,1909f56bfc062723c751e8b465ee728b)
Start importing Assets/_Scripts/GameEnding.cs using Guid(a49bb08211b03e444a452cd6108660e1) Importer(815301076,1909f56bfc062723c751e8b465ee728b)  -> (artifact id: 'af958013e8bcbac3bc1a9bcc12560cae') in 0.006348 seconds
  Import took 0.008647 seconds .

========================================================================
Received Import Request.
  Time since last request: 0.001834 seconds.
  path: Assets/_Scripts/GameEnding.cs
  artifactKey: Guid(a49bb08211b03e444a452cd6108660e1) Importer(815301076,1909f56bfc062723c751e8b465ee728b)
Start importing Assets/_Scripts/GameEnding.cs using Guid(a49bb08211b03e444a452cd6108660e1) Importer(815301076,1909f56bfc062723c751e8b465ee728b)  -> (artifact id: 'af958013e8bcbac3bc1a9bcc12560cae') in 0.001904 seconds
  Import took 0.004569 seconds .

========================================================================
Received Import Request.
  Time since last request: 686.474390 seconds.
  path: Assets/_Scripts/GameEnding.cs
  artifactKey: Guid(a49bb08211b03e444a452cd6108660e1) Importer(815301076,1909f56bfc062723c751e8b465ee728b)
Start importing Assets/_Scripts/GameEnding.cs using Guid(a49bb08211b03e444a452cd6108660e1) Importer(815301076,1909f56bfc062723c751e8b465ee728b)  -> (artifact id: 'd2ba8bf468ac446a0703e2f6dd50c028') in 0.001825 seconds
  Import took 0.004557 seconds .

========================================================================
Received Import Request.
  Time since last request: 2.473261 seconds.
  path: Assets/_Scripts/GameEnding.cs
  artifactKey: Guid(a49bb08211b03e444a452cd6108660e1) Importer(815301076,1909f56bfc062723c751e8b465ee728b)
Start importing Assets/_Scripts/GameEnding.cs using Guid(a49bb08211b03e444a452cd6108660e1) Importer(815301076,1909f56bfc062723c751e8b465ee728b)  -> (artifact id: 'cde15e82f11322b249932c1c30aeceae') in 0.002110 seconds
  Import took 0.004667 seconds .

========================================================================
Received Import Request.
  Time since last request: 0.000504 seconds.
  path: Assets/_Scripts/GameEnding.cs
  artifactKey: Guid(a49bb08211b03e444a452cd6108660e1) Importer(815301076,1909f56bfc062723c751e8b465ee728b)
Start importing Assets/_Scripts/GameEnding.cs using Guid(a49bb08211b03e444a452cd6108660e1) Importer(815301076,1909f56bfc062723c751e8b465ee728b)  -> (artifact id: 'cde15e82f11322b249932c1c30aeceae') in 0.001595 seconds
  Import took 0.003717 seconds .

========================================================================
Received Prepare
Registering precompiled user dll's ...
Registered in 0.002033 seconds.
Begin MonoManager ReloadAssembly
Native extension for WindowsStandalone target not found
Refreshing native plugins compatible for Editor in 0.52 ms, found 0 plugins.
Preloading 0 native plugins for Editor in 0.00 ms.
Invoked RoslynAnalysisRunner static constructor.
RoslynAnalysisRunner will not be running.
RoslynAnalysisRunner has terminated.
Mono: successfully reloaded assembly
- Completed reload, in  0.774 seconds
Platform modules already initialized, skipping
Refreshing native plugins compatible for Editor in 0.39 ms, found 0 plugins.
Preloading 0 native plugins for Editor in 0.00 ms.
Unloading 1574 Unused Serialized files (Serialized files now loaded: 0)
System memory in use before: 148.9 MB.
System memory in use after: 149.0 MB.

Unloading 27 unused Assets to reduce memory usage. Loaded Objects now: 2046.
Total: 1.741100 ms (FindLiveObjects: 0.136000 ms CreateObjectMapping: 0.045800 ms MarkObjects: 1.495000 ms  DeleteObjects: 0.063000 ms)

========================================================================
Received Prepare
Registering precompiled user dll's ...
Registered in 0.002032 seconds.
Begin MonoManager ReloadAssembly
Native extension for WindowsStandalone target not found
Refreshing native plugins compatible for Editor in 0.63 ms, found 0 plugins.
Preloading 0 native plugins for Editor in 0.00 ms.
Invoked RoslynAnalysisRunner static constructor.
RoslynAnalysisRunner will not be running.
RoslynAnalysisRunner has terminated.
Mono: successfully reloaded assembly
- Completed reload, in  0.765 seconds
Platform modules already initialized, skipping
Refreshing native plugins compatible for Editor in 0.41 ms, found 0 plugins.
Preloading 0 native plugins for Editor in 0.00 ms.
Unloading 1573 Unused Serialized files (Serialized files now loaded: 0)
System memory in use before: 149.0 MB.
System memory in use after: 149.0 MB.

Unloading 27 unused Assets to reduce memory usage. Loaded Objects now: 2048.
Total: 1.995700 ms (FindLiveObjects: 0.132600 ms CreateObjectMapping: 0.045500 ms MarkObjects: 1.752700 ms  DeleteObjects: 0.063700 ms)

========================================================================
Received Prepare
Registering precompiled user dll's ...
Registered in 0.002051 seconds.
Begin MonoManager ReloadAssembly
Native extension for WindowsStandalone target not found
Refreshing native plugins compatible for Editor in 0.38 ms, found 0 plugins.
Preloading 0 native plugins for Editor in 0.00 ms.
Invoked RoslynAnalysisRunner static constructor.
RoslynAnalysisRunner will not be running.
RoslynAnalysisRunner has terminated.
Mono: successfully reloaded assembly
- Completed reload, in  0.747 seconds
Platform modules already initialized, skipping
Refreshing native plugins compatible for Editor in 0.44 ms, found 0 plugins.
Preloading 0 native plugins for Editor in 0.00 ms.
Unloading 1573 Unused Serialized files (Serialized files now loaded: 0)
System memory in use before: 149.0 MB.
System memory in use after: 149.1 MB.

Unloading 27 unused Assets to reduce memory usage. Loaded Objects now: 2050.
Total: 1.797300 ms (FindLiveObjects: 0.142100 ms CreateObjectMapping: 0.048100 ms MarkObjects: 1.520100 ms  DeleteObjects: 0.085900 ms)

AssetImportWorkerClient::OnTransportError - code=2 error=End of file
